0 info it worked if it ends with ok
1 verbose cli [ 'node', '/usr/local/bin/npm', 'install', '-g', 'socket.io' ]
2 info using npm@1.4.28
3 info using node@v0.10.33
4 verbose cache add [ 'socket.io', null ]
5 verbose cache add name=undefined spec="socket.io" args=["socket.io",null]
6 verbose parsed url { protocol: null,
6 verbose parsed url   slashes: null,
6 verbose parsed url   auth: null,
6 verbose parsed url   host: null,
6 verbose parsed url   port: null,
6 verbose parsed url   hostname: null,
6 verbose parsed url   hash: null,
6 verbose parsed url   search: null,
6 verbose parsed url   query: null,
6 verbose parsed url   pathname: 'socket.io',
6 verbose parsed url   path: 'socket.io',
6 verbose parsed url   href: 'socket.io' }
7 silly lockFile 71475bfd-socket-io socket.io
8 verbose lock socket.io /Users/samighoche/.npm/71475bfd-socket-io.lock
9 silly lockFile 71475bfd-socket-io socket.io
10 silly lockFile 71475bfd-socket-io socket.io
11 verbose addNamed [ 'socket.io', '' ]
12 verbose addNamed [ null, '*' ]
13 silly lockFile c03de861-socket-io socket.io@
14 verbose lock socket.io@ /Users/samighoche/.npm/c03de861-socket-io.lock
15 silly addNameRange { name: 'socket.io', range: '*', hasData: false }
16 verbose request where is /socket.io
17 verbose request registry https://registry.npmjs.org/
18 verbose request id f62835dcc44268a1
19 verbose url raw /socket.io
20 verbose url resolving [ 'https://registry.npmjs.org/', './socket.io' ]
21 verbose url resolved https://registry.npmjs.org/socket.io
22 verbose request where is https://registry.npmjs.org/socket.io
23 info trying registry request attempt 1 at 23:37:07
24 http GET https://registry.npmjs.org/socket.io
25 http 200 https://registry.npmjs.org/socket.io
26 silly registry.get cb [ 200,
26 silly registry.get   { date: 'Sun, 07 Dec 2014 04:37:07 GMT',
26 silly registry.get     server: 'CouchDB/1.5.0 (Erlang OTP/R16B03)',
26 silly registry.get     etag: '"4MF62BJVIZA6EDD0D2E4TQYSS"',
26 silly registry.get     'content-type': 'application/json',
26 silly registry.get     'cache-control': 'max-age=60',
26 silly registry.get     'content-length': '102929',
26 silly registry.get     'accept-ranges': 'bytes',
26 silly registry.get     via: '1.1 varnish',
26 silly registry.get     age: '7',
26 silly registry.get     'x-served-by': 'cache-atl6220-ATL',
26 silly registry.get     'x-cache': 'HIT',
26 silly registry.get     'x-cache-hits': '1',
26 silly registry.get     'x-timer': 'S1417927027.760377,VS0,VE2',
26 silly registry.get     vary: 'Accept',
26 silly registry.get     'keep-alive': 'timeout=10, max=50',
26 silly registry.get     connection: 'Keep-Alive' } ]
27 silly addNameRange number 2 { name: 'socket.io', range: '*', hasData: true }
28 silly addNameRange versions [ 'socket.io',
28 silly addNameRange   [ '0.3.8',
28 silly addNameRange     '0.4.0',
28 silly addNameRange     '0.4.1',
28 silly addNameRange     '0.5.1',
28 silly addNameRange     '0.5.3',
28 silly addNameRange     '0.6.0',
28 silly addNameRange     '0.6.1',
28 silly addNameRange     '0.6.3',
28 silly addNameRange     '0.6.4',
28 silly addNameRange     '0.6.5',
28 silly addNameRange     '0.6.6',
28 silly addNameRange     '0.6.7',
28 silly addNameRange     '0.6.8',
28 silly addNameRange     '0.6.9',
28 silly addNameRange     '0.6.10',
28 silly addNameRange     '0.6.11',
28 silly addNameRange     '0.6.12',
28 silly addNameRange     '0.6.14',
28 silly addNameRange     '0.6.15',
28 silly addNameRange     '0.6.16',
28 silly addNameRange     '0.6.17',
28 silly addNameRange     '0.6.18',
28 silly addNameRange     '0.7.0',
28 silly addNameRange     '0.7.1',
28 silly addNameRange     '0.7.2',
28 silly addNameRange     '0.7.3',
28 silly addNameRange     '0.7.4',
28 silly addNameRange     '0.7.5',
28 silly addNameRange     '0.7.6',
28 silly addNameRange     '0.7.7',
28 silly addNameRange     '0.7.8',
28 silly addNameRange     '0.7.9',
28 silly addNameRange     '0.7.10',
28 silly addNameRange     '0.7.11',
28 silly addNameRange     '0.8.0',
28 silly addNameRange     '0.8.1',
28 silly addNameRange     '0.8.2',
28 silly addNameRange     '0.8.3',
28 silly addNameRange     '0.8.4',
28 silly addNameRange     '0.8.5',
28 silly addNameRange     '0.8.6',
28 silly addNameRange     '0.8.7',
28 silly addNameRange     '0.9.0',
28 silly addNameRange     '0.9.1',
28 silly addNameRange     '0.9.1-1',
28 silly addNameRange     '0.9.2',
28 silly addNameRange     '0.9.3',
28 silly addNameRange     '0.9.4',
28 silly addNameRange     '0.9.5',
28 silly addNameRange     '0.9.6',
28 silly addNameRange     '0.9.7',
28 silly addNameRange     '0.9.8',
28 silly addNameRange     '0.9.9',
28 silly addNameRange     '0.9.10',
28 silly addNameRange     '0.9.11',
28 silly addNameRange     '0.9.12',
28 silly addNameRange     '0.9.13',
28 silly addNameRange     '0.9.14',
28 silly addNameRange     '0.9.15',
28 silly addNameRange     '0.9.16',
28 silly addNameRange     '1.0.0-pre',
28 silly addNameRange     '1.0.0-pre2',
28 silly addNameRange     '1.0.0-pre3',
28 silly addNameRange     '1.0.0-pre4',
28 silly addNameRange     '1.0.0-pre5',
28 silly addNameRange     '0.9.17',
28 silly addNameRange     '1.0.0',
28 silly addNameRange     '1.0.1',
28 silly addNameRange     '1.0.2',
28 silly addNameRange     '1.0.3',
28 silly addNameRange     '1.0.4',
28 silly addNameRange     '1.0.5',
28 silly addNameRange     '1.0.6',
28 silly addNameRange     '1.1.0',
28 silly addNameRange     '1.2.0',
28 silly addNameRange     '1.2.1' ] ]
29 verbose addNamed [ 'socket.io', '1.2.1' ]
30 verbose addNamed [ '1.2.1', '1.2.1' ]
31 silly lockFile 77e414a6-socket-io-1-2-1 socket.io@1.2.1
32 verbose lock socket.io@1.2.1 /Users/samighoche/.npm/77e414a6-socket-io-1-2-1.lock
33 silly lockFile 03c4f5da-rg-socket-io-socket-io-1-2-1-tgz https://registry.npmjs.org/socket.io/-/socket.io-1.2.1.tgz
34 verbose lock https://registry.npmjs.org/socket.io/-/socket.io-1.2.1.tgz /Users/samighoche/.npm/03c4f5da-rg-socket-io-socket-io-1-2-1-tgz.lock
35 verbose addRemoteTarball [ 'https://registry.npmjs.org/socket.io/-/socket.io-1.2.1.tgz',
35 verbose addRemoteTarball   '84400af534c0d32baa9ac88937eedb5b8465ee92' ]
36 info retry fetch attempt 1 at 23:37:07
37 verbose fetch to= /var/folders/03/jt9tngjs7bd0md174bwl6nn40000gn/T/npm-7643-rfEiWmft/registry.npmjs.org/socket.io/-/socket.io-1.2.1.tgz
38 http GET https://registry.npmjs.org/socket.io/-/socket.io-1.2.1.tgz
39 http 200 https://registry.npmjs.org/socket.io/-/socket.io-1.2.1.tgz
40 silly lockFile 03c4f5da-rg-socket-io-socket-io-1-2-1-tgz https://registry.npmjs.org/socket.io/-/socket.io-1.2.1.tgz
41 silly lockFile 03c4f5da-rg-socket-io-socket-io-1-2-1-tgz https://registry.npmjs.org/socket.io/-/socket.io-1.2.1.tgz
42 silly lockFile 77e414a6-socket-io-1-2-1 socket.io@1.2.1
43 silly lockFile 77e414a6-socket-io-1-2-1 socket.io@1.2.1
44 silly lockFile c03de861-socket-io socket.io@
45 silly lockFile c03de861-socket-io socket.io@
46 silly resolved [ { name: 'socket.io',
46 silly resolved     version: '1.2.1',
46 silly resolved     description: 'node.js realtime framework server',
46 silly resolved     keywords:
46 silly resolved      [ 'realtime',
46 silly resolved        'framework',
46 silly resolved        'websocket',
46 silly resolved        'tcp',
46 silly resolved        'events',
46 silly resolved        'socket',
46 silly resolved        'io' ],
46 silly resolved     repository: { type: 'git', url: 'git://github.com/Automattic/socket.io' },
46 silly resolved     scripts: { test: 'make test' },
46 silly resolved     dependencies:
46 silly resolved      { 'engine.io': '1.4.3',
46 silly resolved        'socket.io-parser': '2.2.2',
46 silly resolved        'socket.io-client': '1.2.1',
46 silly resolved        'socket.io-adapter': '0.3.1',
46 silly resolved        'has-binary-data': '0.1.3',
46 silly resolved        debug: '0.7.4' },
46 silly resolved     devDependencies:
46 silly resolved      { mocha: '1.16.2',
46 silly resolved        'expect.js': '0.3.1',
46 silly resolved        supertest: '0.8.2',
46 silly resolved        superagent: '0.17.0',
46 silly resolved        istanbul: '0.2.3' },
46 silly resolved     contributors: [ [Object], [Object], [Object], [Object] ],
46 silly resolved     gitHead: '24d06d76ddf0808ac370e39fd57329d3048d73e4',
46 silly resolved     bugs: { url: 'https://github.com/Automattic/socket.io/issues' },
46 silly resolved     homepage: 'https://github.com/Automattic/socket.io',
46 silly resolved     _id: 'socket.io@1.2.1',
46 silly resolved     _shasum: '84400af534c0d32baa9ac88937eedb5b8465ee92',
46 silly resolved     _from: 'socket.io@',
46 silly resolved     _npmVersion: '1.4.21',
46 silly resolved     _npmUser: { name: 'rauchg', email: 'rauchg@gmail.com' },
46 silly resolved     maintainers: [ [Object] ],
46 silly resolved     dist:
46 silly resolved      { shasum: '84400af534c0d32baa9ac88937eedb5b8465ee92',
46 silly resolved        tarball: 'http://registry.npmjs.org/socket.io/-/socket.io-1.2.1.tgz' },
46 silly resolved     directories: {},
46 silly resolved     _resolved: 'https://registry.npmjs.org/socket.io/-/socket.io-1.2.1.tgz' } ]
47 info install socket.io@1.2.1 into /usr/local/lib
48 info installOne socket.io@1.2.1
49 verbose lib/node_modules/socket.io unbuild
50 verbose tar unpack /Users/samighoche/.npm/socket.io/1.2.1/package.tgz
51 silly lockFile 33051dcf-local-lib-node-modules-socket-io tar:///usr/local/lib/node_modules/socket.io
52 verbose lock tar:///usr/local/lib/node_modules/socket.io /Users/samighoche/.npm/33051dcf-local-lib-node-modules-socket-io.lock
53 silly lockFile 7bf4c08b--npm-socket-io-1-2-1-package-tgz tar:///Users/samighoche/.npm/socket.io/1.2.1/package.tgz
54 verbose lock tar:///Users/samighoche/.npm/socket.io/1.2.1/package.tgz /Users/samighoche/.npm/7bf4c08b--npm-socket-io-1-2-1-package-tgz.lock
55 silly gunzTarPerm modes [ '755', '644' ]
56 error Error: EACCES, mkdir '/usr/local/lib/node_modules/socket.io'
56 error  { [Error: EACCES, mkdir '/usr/local/lib/node_modules/socket.io']
56 error   errno: 3,
56 error   code: 'EACCES',
56 error   path: '/usr/local/lib/node_modules/socket.io',
56 error   fstream_type: 'Directory',
56 error   fstream_path: '/usr/local/lib/node_modules/socket.io',
56 error   fstream_class: 'DirWriter',
56 error   fstream_stack:
56 error    [ '/usr/local/lib/node_modules/npm/node_modules/fstream/lib/dir-writer.js:36:23',
56 error      '/usr/local/lib/node_modules/npm/node_modules/mkdirp/index.js:46:53',
56 error      'Object.oncomplete (fs.js:107:15)' ] }
57 error Please try running this command again as root/Administrator.
58 error System Darwin 14.0.0
59 error command "node" "/usr/local/bin/npm" "install" "-g" "socket.io"
60 error cwd /Users/samighoche/Desktop/cs143-final-project/pushtoserver
61 error node -v v0.10.33
62 error npm -v 1.4.28
63 error path /usr/local/lib/node_modules/socket.io
64 error fstream_path /usr/local/lib/node_modules/socket.io
65 error fstream_type Directory
66 error fstream_class DirWriter
67 error code EACCES
68 error errno 3
69 error stack Error: EACCES, mkdir '/usr/local/lib/node_modules/socket.io'
70 error fstream_stack /usr/local/lib/node_modules/npm/node_modules/fstream/lib/dir-writer.js:36:23
70 error fstream_stack /usr/local/lib/node_modules/npm/node_modules/mkdirp/index.js:46:53
70 error fstream_stack Object.oncomplete (fs.js:107:15)
71 verbose exit [ 3, true ]
